  Compiling CUDA source file src\CudaFuncs.cu...
  Compiling CUDA source file src\OddEven.cu...
  
  C:\Projects\Code\Cuda\OddEvenSort\OddEvenSort>"C:\Program Files\NVIDIA GPU Computing Toolkit\CUDA\v9.0\bin\nvcc.exe" -gencode=arch=compute_30,code=\"sm_30,compute_30\" --use-local-env --cl-version 2015 -ccbin "C:\Program Files (x86)\Microsoft Visual Studio 14.0\VC\bin\x86_amd64" -x cu  -I"C:\Program Files\NVIDIA GPU Computing Toolkit\CUDA\v9.0\include" -I"C:\Program Files\NVIDIA GPU Computing Toolkit\CUDA\v9.0\include" -Iinclude -I"C:\Program Files\NVIDIA GPU Computing Toolkit\CUDA\v9.0\include"     --keep-dir x64\Release -maxrregcount=0  --machine 64 --compile -cudart static     -DWIN32 -DWIN64 -DNDEBUG -D_CONSOLE -D_MBCS -Xcompiler "/EHsc /W3 /nologo /O2 /FS /Zi  /MD " -o x64\Release\CudaFuncs.cu.obj "C:\Projects\Code\Cuda\OddEvenSort\OddEvenSort\src\CudaFuncs.cu" 
  
  C:\Projects\Code\Cuda\OddEvenSort\OddEvenSort>"C:\Program Files\NVIDIA GPU Computing Toolkit\CUDA\v9.0\bin\nvcc.exe" -gencode=arch=compute_30,code=\"sm_30,compute_30\" --use-local-env --cl-version 2015 -ccbin "C:\Program Files (x86)\Microsoft Visual Studio 14.0\VC\bin\x86_amd64" -x cu  -I"C:\Program Files\NVIDIA GPU Computing Toolkit\CUDA\v9.0\include" -I"C:\Program Files\NVIDIA GPU Computing Toolkit\CUDA\v9.0\include" -Iinclude -I"C:\Program Files\NVIDIA GPU Computing Toolkit\CUDA\v9.0\include"     --keep-dir x64\Release -maxrregcount=0  --machine 64 --compile -cudart static     -DWIN32 -DWIN64 -DNDEBUG -D_CONSOLE -D_MBCS -Xcompiler "/EHsc /W3 /nologo /O2 /FS /Zi  /MD " -o x64\Release\OddEven.cu.obj "C:\Projects\Code\Cuda\OddEvenSort\OddEvenSort\src\OddEven.cu" 
  CudaFuncs.cu
  OddEven.cu
  Log.cpp
  main.cpp
src\main.cpp(26): warning C4244: 'initializing': conversion from 'double' to 'int', possible loss of data
src\main.cpp(28): warning C4244: 'initializing': conversion from 'double' to 'int', possible loss of data
  OddEvenSingle.cpp
src\OddEvenSingle.cpp(12): warning C4018: '<': signed/unsigned mismatch
src\OddEvenSingle.cpp(17): warning C4018: '<': signed/unsigned mismatch
  RandomGenerator.cpp
  Generating code
  All 387 functions were compiled because no usable IPDB/IOBJ from previous compilation was found.
  Finished generating code
  OddEvenSort.vcxproj -> C:\Projects\Code\Cuda\OddEvenSort\x64\Release\OddEvenSort.exe
  OddEvenSort.vcxproj -> C:\Projects\Code\Cuda\OddEvenSort\x64\Release\OddEvenSort.pdb (Full PDB)
  copy "C:\Program Files\NVIDIA GPU Computing Toolkit\CUDA\v9.0\bin\cudart*.dll" "C:\Projects\Code\Cuda\OddEvenSort\x64\Release\"
  C:\Program Files\NVIDIA GPU Computing Toolkit\CUDA\v9.0\bin\cudart32_90.dll
  C:\Program Files\NVIDIA GPU Computing Toolkit\CUDA\v9.0\bin\cudart64_90.dll
          2 file(s) copied.
